2025-12-22 16:08:22,612 - INFO - ============================================================
2025-12-22 16:08:22,642 - INFO - Pika version 1.3.2 connecting to ('::1', 5672, 0, 0)
2025-12-22 16:08:22,643 - INFO - Socket connected: <socket.socket fd=872, family=23, type=1, proto=6, laddr=('::1', 60792, 0, 0), raddr=('::1', 5672, 0, 0)>
2025-12-22 16:08:22,645 - INFO - Streaming transport linked up: (<pika.adapters.utils.io_services_utils._AsyncPlaintextTransport object at 0x000002024CE423C0>, _StreamingProtocolShim: <SelectConnection PROTOCOL transport=<pika.adapters.utils.io_services_utils._AsyncPlaintextTransport object at 0x000002024CE423C0> params=<ConnectionParameters host=localhost port=5672 virtual_host=/ ssl=False>>).
2025-12-22 16:08:22,734 - INFO - AMQPConnector - reporting success: <SelectConnection OPEN transport=<pika.adapters.utils.io_services_utils._AsyncPlaintextTransport object at 0x000002024CE423C0> params=<ConnectionParameters host=localhost port=5672 virtual_host=/ ssl=False>>
2025-12-22 16:08:22,735 - INFO - AMQPConnectionWorkflow - reporting success: <SelectConnection OPEN transport=<pika.adapters.utils.io_services_utils._AsyncPlaintextTransport object at 0x000002024CE423C0> params=<ConnectionParameters host=localhost port=5672 virtual_host=/ ssl=False>>
2025-12-22 16:08:22,735 - INFO - Connection workflow succeeded: <SelectConnection OPEN transport=<pika.adapters.utils.io_services_utils._AsyncPlaintextTransport object at 0x000002024CE423C0> params=<ConnectionParameters host=localhost port=5672 virtual_host=/ ssl=False>>
2025-12-22 16:08:22,735 - INFO - Created channel=1
2025-12-22 16:08:22,879 - INFO - Closing connection (200): Normal shutdown
2025-12-22 16:08:22,879 - INFO - Closing channel (200): 'Normal shutdown' on <Channel number=1 OPEN conn=<SelectConnection OPEN transport=<pika.adapters.utils.io_services_utils._AsyncPlaintextTransport object at 0x000002024CE423C0> params=<ConnectionParameters host=localhost port=5672 virtual_host=/ ssl=False>>>
2025-12-22 16:08:22,881 - INFO - Received <Channel.CloseOk> on <Channel number=1 CLOSING conn=<SelectConnection OPEN transport=<pika.adapters.utils.io_services_utils._AsyncPlaintextTransport object at 0x000002024CE423C0> params=<ConnectionParameters host=localhost port=5672 virtual_host=/ ssl=False>>>
2025-12-22 16:08:22,881 - INFO - Closing connection (200): 'Normal shutdown'
2025-12-22 16:08:22,883 - INFO - Aborting transport connection: state=1; <socket.socket fd=872, family=23, type=1, proto=6, laddr=('::1', 60792, 0, 0), raddr=('::1', 5672, 0, 0)>
2025-12-22 16:08:22,884 - INFO - _AsyncTransportBase._initate_abort(): Initiating abrupt asynchronous transport shutdown: state=1; error=None; <socket.socket fd=872, family=23, type=1, proto=6, laddr=('::1', 60792, 0, 0), raddr=('::1', 5672, 0, 0)>
2025-12-22 16:08:22,884 - INFO - Deactivating transport: state=1; <socket.socket fd=872, family=23, type=1, proto=6, laddr=('::1', 60792, 0, 0), raddr=('::1', 5672, 0, 0)>
2025-12-22 16:08:22,884 - INFO - AMQP stack terminated, failed to connect, or aborted: opened=True, error-arg=None; pending-error=ConnectionClosedByClient: (200) 'Normal shutdown'
2025-12-22 16:08:22,885 - INFO - Stack terminated due to ConnectionClosedByClient: (200) 'Normal shutdown'
2025-12-22 16:08:22,885 - INFO - Closing transport socket and unlinking: state=3; <socket.socket fd=872, family=23, type=1, proto=6, laddr=('::1', 60792, 0, 0), raddr=('::1', 5672, 0, 0)>
2025-12-22 16:08:22,886 - INFO - User-initiated close: result=BlockingConnection__OnClosedArgs(connection=<SelectConnection CLOSED transport=None params=<ConnectionParameters host=localhost port=5672 virtual_host=/ ssl=False>>, error=ConnectionClosedByClient: (200) 'Normal shutdown')
2025-12-22 16:08:23,064 - INFO - [OK] Connected to DB2
2025-12-22 16:08:30,415 - ERROR - [ERROR] DB2 connection failed: float() argument must be a string or a real number, not 'datetime.date'
